c:\users\user\documents\github\dreamyengine\졸업작품 - 복사본\dreamy\dreamy\debug\vc140.pdb
c:\users\user\documents\github\dreamyengine\졸업작품 - 복사본\dreamy\dreamy\debug\vc140.idb
c:\users\user\documents\github\dreamyengine\졸업작품 - 복사본\dreamy\dreamy\debug\shadermanagerclass.obj
c:\users\user\documents\github\dreamyengine\졸업작품 - 복사본\dreamy\dreamy\debug\skyclass.obj
c:\users\user\documents\github\dreamyengine\졸업작품 - 복사본\dreamy\dreamy\debug\skydomeshaderclass.obj
c:\users\user\documents\github\dreamyengine\졸업작품 - 복사본\dreamy\dreamy\debug\skyplaneshaderclass.obj
c:\users\user\documents\github\dreamyengine\졸업작품 - 복사본\dreamy\dreamy\debug\soundclass.obj
c:\users\user\documents\github\dreamyengine\졸업작품 - 복사본\dreamy\dreamy\debug\specmapshaderclass.obj
c:\users\user\documents\github\dreamyengine\졸업작품 - 복사본\dreamy\dreamy\debug\systemclass.obj
c:\users\user\documents\github\dreamyengine\졸업작품 - 복사본\dreamy\dreamy\debug\terraincellclass.obj
c:\users\user\documents\github\dreamyengine\졸업작품 - 복사본\dreamy\dreamy\debug\terrainclass.obj
c:\users\user\documents\github\dreamyengine\졸업작품 - 복사본\dreamy\dreamy\debug\terrainshaderclass.obj
c:\users\user\documents\github\dreamyengine\졸업작품 - 복사본\dreamy\dreamy\debug\textclass.obj
c:\users\user\documents\github\dreamyengine\졸업작품 - 복사본\dreamy\dreamy\debug\textureclass.obj
c:\users\user\documents\github\dreamyengine\졸업작품 - 복사본\dreamy\dreamy\debug\texturemanagerclass.obj
c:\users\user\documents\github\dreamyengine\졸업작품 - 복사본\dreamy\dreamy\debug\textureshaderclass.obj
c:\users\user\documents\github\dreamyengine\졸업작품 - 복사본\dreamy\dreamy\debug\timerclass.obj
c:\users\user\documents\github\dreamyengine\졸업작품 - 복사본\dreamy\dreamy\debug\translateshaderclass.obj
c:\users\user\documents\github\dreamyengine\졸업작품 - 복사본\dreamy\dreamy\debug\transparentshaderclass.obj
c:\users\user\documents\github\dreamyengine\졸업작품 - 복사본\dreamy\dreamy\debug\waterclass.obj
c:\users\user\documents\github\dreamyengine\졸업작품 - 복사본\dreamy\dreamy\debug\waterreflectionshaderclass.obj
c:\users\user\documents\github\dreamyengine\졸업작품 - 복사본\dreamy\dreamy\debug\watershaderclass.obj
c:\users\user\documents\github\dreamyengine\졸업작품 - 복사본\dreamy\dreamy\debug\imageclass.obj
c:\users\user\documents\github\dreamyengine\졸업작품 - 복사본\dreamy\dreamy\debug\instancingclass.obj
c:\users\user\documents\github\dreamyengine\졸업작품 - 복사본\dreamy\dreamy\debug\instancingshaderclass.obj
c:\users\user\documents\github\dreamyengine\졸업작품 - 복사본\dreamy\dreamy\debug\lightclass.obj
c:\users\user\documents\github\dreamyengine\졸업작품 - 복사본\dreamy\dreamy\debug\lightshaderclass.obj
c:\users\user\documents\github\dreamyengine\졸업작품 - 복사본\dreamy\dreamy\debug\d3dclass.obj
c:\users\user\documents\github\dreamyengine\졸업작품 - 복사본\dreamy\dreamy\debug\graphicsclass.obj
c:\users\user\documents\github\dreamyengine\졸업작품 - 복사본\dreamy\dreamy\debug\inputclass.obj
c:\users\user\documents\github\dreamyengine\졸업작품 - 복사본\dreamy\dreamy\debug\main.obj
c:\users\user\documents\github\dreamyengine\졸업작품 - 복사본\dreamy\dreamy\debug\matrixclass.obj
c:\users\user\documents\github\dreamyengine\졸업작품 - 복사본\dreamy\dreamy\debug\minimapclass.obj
c:\users\user\documents\github\dreamyengine\졸업작품 - 복사본\dreamy\dreamy\debug\modelclass.obj
c:\users\user\documents\github\dreamyengine\졸업작품 - 복사본\dreamy\dreamy\debug\modelmanagerclass.obj
c:\users\user\documents\github\dreamyengine\졸업작품 - 복사본\dreamy\dreamy\debug\moveclass.obj
c:\users\user\documents\github\dreamyengine\졸업작품 - 복사본\dreamy\dreamy\debug\multitextureshaderclass.obj
c:\users\user\documents\github\dreamyengine\졸업작품 - 복사본\dreamy\dreamy\debug\reflectionshaderclass.obj
c:\users\user\documents\github\dreamyengine\졸업작품 - 복사본\dreamy\dreamy\debug\refractionshaderclass.obj
c:\users\user\documents\github\dreamyengine\졸업작품 - 복사본\dreamy\dreamy\debug\rttclass.obj
c:\users\user\documents\github\dreamyengine\졸업작품 - 복사본\dreamy\dreamy\debug\rtttextureclass.obj
c:\users\user\documents\github\dreamyengine\졸업작품 - 복사본\dreamy\dreamy\debug\shaderclass.obj
c:\users\user\documents\github\dreamyengine\졸업작품 - 복사본\dreamy\dreamy\debug\alphamapshaderclass.obj
c:\users\user\documents\github\dreamyengine\졸업작품 - 복사본\dreamy\dreamy\debug\bumpmapshaderclass.obj
c:\users\user\documents\github\dreamyengine\졸업작품 - 복사본\dreamy\dreamy\debug\cameraclass.obj
c:\users\user\documents\github\dreamyengine\졸업작품 - 복사본\dreamy\dreamy\debug\colorshaderclass.obj
c:\users\user\documents\github\dreamyengine\졸업작품 - 복사본\dreamy\dreamy\debug\cpuclass.obj
c:\users\user\documents\github\dreamyengine\졸업작품 - 복사본\dreamy\dreamy\debug\fbxmatrix.obj
c:\users\user\documents\github\dreamyengine\졸업작품 - 복사본\dreamy\dreamy\debug\fbxmodel.obj
c:\users\user\documents\github\dreamyengine\졸업작품 - 복사본\dreamy\dreamy\debug\fbxvec2.obj
c:\users\user\documents\github\dreamyengine\졸업작품 - 복사본\dreamy\dreamy\debug\fbxvec3.obj
c:\users\user\documents\github\dreamyengine\졸업작품 - 복사본\dreamy\dreamy\debug\fbxvec4.obj
c:\users\user\documents\github\dreamyengine\졸업작품 - 복사본\dreamy\dreamy\debug\fireshaderclass.obj
c:\users\user\documents\github\dreamyengine\졸업작품 - 복사본\dreamy\dreamy\debug\fogshaderclass.obj
c:\users\user\documents\github\dreamyengine\졸업작품 - 복사본\dreamy\dreamy\debug\fontclass.obj
c:\users\user\documents\github\dreamyengine\졸업작품 - 복사본\dreamy\dreamy\debug\fontshaderclass.obj
c:\users\user\documents\github\dreamyengine\졸업작품 - 복사본\dreamy\dreamy\debug\fpsclass.obj
c:\users\user\documents\github\dreamyengine\졸업작품 - 복사본\dreamy\dreamy\debug\frustumclass.obj
c:\users\user\documents\github\dreamyengine\졸업작품 - 복사본\dreamy\dreamy\debug\fbxanimation.obj
c:\users\user\documents\github\dreamyengine\졸업작품 - 복사본\dreamy\dreamy\debug\particleshaderclass.obj
c:\users\user\documents\github\dreamyengine\졸업작품 - 복사본\dreamy\dreamy\debug\particlesystem.obj
c:\users\user\documents\github\dreamyengine\졸업작품 - 복사본\dreamy\dreamy\debug\pointlightclass.obj
c:\users\user\documents\github\dreamyengine\졸업작품 - 복사본\dreamy\dreamy\debug\pointlightshaderclass.obj
c:\users\user\documents\github\dreamyengine\졸업작품 - 복사본\dreamy\debug\dreamy.ilk
c:\users\user\documents\github\dreamyengine\졸업작품 - 복사본\dreamy\debug\dreamy.exe
c:\users\user\documents\github\dreamyengine\졸업작품 - 복사본\dreamy\debug\dreamy.pdb
c:\users\user\documents\github\dreamyengine\졸업작품 - 복사본\dreamy\dreamy\debug\fbxshaderclass.obj
c:\users\user\documents\github\dreamyengine\졸업작품 - 복사본\dreamy\dreamy\debug\modelmanager.obj
c:\users\user\documents\github\dreamyengine\졸업작품 - 복사본\dreamy\dreamy\debug\multitextureshader.obj
c:\users\user\documents\github\dreamyengine\졸업작품 - 복사본\dreamy\dreamy\debug\quadtreeclass.obj
c:\users\user\documents\github\dreamyengine\졸업작품 - 복사본\dreamy\dreamy\debug\sound.obj
c:\users\user\documents\github\dreamyengine\졸업작품 - 복사본\dreamy\dreamy\debug\timer.obj
c:\users\user\documents\github\dreamyengine\졸업작품 - 복사본\dreamy\dreamy\debug\dreamy.tlog\cl.command.1.tlog
c:\users\user\documents\github\dreamyengine\졸업작품 - 복사본\dreamy\dreamy\debug\dreamy.tlog\cl.read.1.tlog
c:\users\user\documents\github\dreamyengine\졸업작품 - 복사본\dreamy\dreamy\debug\dreamy.tlog\cl.write.1.tlog
c:\users\user\documents\github\dreamyengine\졸업작품 - 복사본\dreamy\dreamy\debug\dreamy.tlog\link.command.1.tlog
c:\users\user\documents\github\dreamyengine\졸업작품 - 복사본\dreamy\dreamy\debug\dreamy.tlog\link.read.1.tlog
c:\users\user\documents\github\dreamyengine\졸업작품 - 복사본\dreamy\dreamy\debug\dreamy.tlog\link.write.1.tlog
